<?xml version="1.0" encoding="UTF-8"?>
<robot generator="Robot 6.1.1 (Python 3.12.0 on win32)" generated="20231209 10:24:45.522" rpa="false" schemaversion="4">
<suite id="s1" name="Amazon Tests Gherkin" source="C:\Cursos\robot_framework_basico\web_testing\amazon_tests_gherkin.robot">
<test id="s1-t1" name="Caso de Teste 01 - Acesso ao menu &quot;Eletrônicos&quot;" line="8">
<kw name="Abrir o navegador" library="amazon_resources" type="SETUP">
<kw name="Open Browser" library="SeleniumLibrary">
<arg>browser=${BROWSER}</arg>
<doc>Opens a new browser instance to the optional ``url``.</doc>
<msg timestamp="20231209 10:24:45.687" level="INFO">Opening browser 'chrome' to base url 'None'.</msg>
<status status="PASS" starttime="20231209 10:24:45.687" endtime="20231209 10:24:47.020"/>
</kw>
<kw name="Maximize Browser Window" library="SeleniumLibrary">
<doc>Maximizes current browser window.</doc>
<status status="PASS" starttime="20231209 10:24:47.020" endtime="20231209 10:24:47.150"/>
</kw>
<status status="PASS" starttime="20231209 10:24:45.686" endtime="20231209 10:24:47.150"/>
</kw>
<kw name="Dado que estou na home page da Amazon.com.br" library="amazon_resources">
<kw name="Acessar a home page do site amazon.com.br" library="amazon_resources">
<kw name="Go To" library="SeleniumLibrary">
<arg>url=${URL}</arg>
<doc>Navigates the current browser window to the provided ``url``.</doc>
<msg timestamp="20231209 10:24:47.151" level="INFO">Opening url 'https://www.amazon.com.br'</msg>
<status status="PASS" starttime="20231209 10:24:47.151" endtime="20231209 10:24:50.438"/>
</kw>
<kw name="Wait Until Element Is Visible" library="SeleniumLibrary">
<arg>locator=${MENU_ELETRONICOS}</arg>
<doc>Waits until the element ``locator`` is visible.</doc>
<status status="PASS" starttime="20231209 10:24:50.439" endtime="20231209 10:24:50.495"/>
</kw>
<status status="PASS" starttime="20231209 10:24:47.151" endtime="20231209 10:24:50.495"/>
</kw>
<kw name="Verificar se o título da página fica &quot;Amazon.com.br | Tudo pra você, de A a Z.&quot;" library="amazon_resources" sourcename="Verificar se o título da página fica &quot;${TITULO}&quot;">
<kw name="Title Should Be" library="SeleniumLibrary">
<arg>title=${TITULO}</arg>
<doc>Verifies that the current page title equals ``title``.</doc>
<msg timestamp="20231209 10:24:50.505" level="INFO">Page title is 'Amazon.com.br | Tudo pra você, de A a Z.'.</msg>
<status status="PASS" starttime="20231209 10:24:50.495" endtime="20231209 10:24:50.505"/>
</kw>
<status status="PASS" starttime="20231209 10:24:50.495" endtime="20231209 10:24:50.505"/>
</kw>
<status status="PASS" starttime="20231209 10:24:47.150" endtime="20231209 10:24:50.505"/>
</kw>
<kw name="Quando acessar o menu &quot;Eletrônicos&quot;" library="amazon_resources">
<kw name="Entrar no menu &quot;Eletrônicos&quot;" library="amazon_resources">
<kw name="Click Element" library="SeleniumLibrary">
<arg>locator=${MENU_ELETRONICOS}</arg>
<doc>Click the element identified by ``locator``.</doc>
<msg timestamp="20231209 10:24:50.506" level="INFO">Clicking element '//a[@href='/Eletronicos-e-Tecnologia/b/?ie=UTF8&amp;node=16209062011&amp;ref_=nav_cs_electronics'][contains(.,'Eletrônicos')]'.</msg>
<status status="PASS" starttime="20231209 10:24:50.506" endtime="20231209 10:24:52.097"/>
</kw>
<status status="PASS" starttime="20231209 10:24:50.506" endtime="20231209 10:24:52.097"/>
</kw>
<status status="PASS" starttime="20231209 10:24:50.505" endtime="20231209 10:24:52.097"/>
</kw>
<kw name="Então o título da página deve ficar &quot;Eletrônicos e Tecnologia | Amazon.com.br&quot;" library="amazon_resources">
<kw name="Verificar se o título da página fica &quot;Eletrônicos e Tecnologia | Amazon.com.br&quot;" library="amazon_resources" sourcename="Verificar se o título da página fica &quot;${TITULO}&quot;">
<kw name="Title Should Be" library="SeleniumLibrary">
<arg>title=${TITULO}</arg>
<doc>Verifies that the current page title equals ``title``.</doc>
<msg timestamp="20231209 10:24:52.129" level="INFO">Page title is 'Eletrônicos e Tecnologia | Amazon.com.br'.</msg>
<status status="PASS" starttime="20231209 10:24:52.098" endtime="20231209 10:24:52.129"/>
</kw>
<status status="PASS" starttime="20231209 10:24:52.098" endtime="20231209 10:24:52.129"/>
</kw>
<status status="PASS" starttime="20231209 10:24:52.098" endtime="20231209 10:24:52.129"/>
</kw>
<kw name="E o texto &quot;Eletrônicos e Tecnologia&quot; deve ser exibido na página" library="amazon_resources">
<kw name="Verificar se aparece a frase &quot;Eletrônicos e Tecnologia&quot;" library="amazon_resources" sourcename="Verificar se aparece a frase &quot;${FRASE}&quot;">
<kw name="Wait Until Page Contains" library="SeleniumLibrary">
<arg>text=${FRASE}</arg>
<doc>Waits until ``text`` appears on the current page.</doc>
<status status="PASS" starttime="20231209 10:24:52.130" endtime="20231209 10:24:52.182"/>
</kw>
<kw name="Wait Until Element Is Visible" library="SeleniumLibrary">
<arg>locator=${HEADER_ELETRONICOS}</arg>
<doc>Waits until the element ``locator`` is visible.</doc>
<status status="PASS" starttime="20231209 10:24:52.182" endtime="20231209 10:24:52.274"/>
</kw>
<status status="PASS" starttime="20231209 10:24:52.129" endtime="20231209 10:24:52.274"/>
</kw>
<status status="PASS" starttime="20231209 10:24:52.129" endtime="20231209 10:24:52.274"/>
</kw>
<kw name="E a categoria &quot;Computadores e Informática&quot; deve ser exibida na página" library="amazon_resources">
<kw name="Verificar se aparece a categoria &quot;Computadores e Informática&quot;" library="amazon_resources" sourcename="Verificar se aparece a categoria &quot;${NOME_CATEGORIA}&quot;">
<kw name="Element Should Be Visible" library="SeleniumLibrary">
<arg>locator=//a[@aria-label='${NOME_CATEGORIA}']</arg>
<doc>Verifies that the element identified by ``locator`` is visible.</doc>
<msg timestamp="20231209 10:24:52.328" level="INFO">Element '//a[@aria-label='Computadores e Informática']' is displayed.</msg>
<status status="PASS" starttime="20231209 10:24:52.275" endtime="20231209 10:24:52.328"/>
</kw>
<status status="PASS" starttime="20231209 10:24:52.275" endtime="20231209 10:24:52.328"/>
</kw>
<status status="PASS" starttime="20231209 10:24:52.275" endtime="20231209 10:24:52.328"/>
</kw>
<kw name="Fechar o navegador" library="amazon_resources" type="TEARDOWN">
<kw name="Capture Page Screenshot" library="SeleniumLibrary">
<doc>Takes a screenshot of the current page and embeds it into a log file.</doc>
<msg timestamp="20231209 10:24:52.517" level="INFO" html="true">&lt;/td&gt;&lt;/tr&gt;&lt;tr&gt;&lt;td colspan="3"&gt;&lt;a href="selenium-screenshot-1.png"&gt;&lt;img src="selenium-screenshot-1.png" width="800px"&gt;&lt;/a&gt;</msg>
<status status="PASS" starttime="20231209 10:24:52.330" endtime="20231209 10:24:52.517"/>
</kw>
<kw name="Close Browser" library="SeleniumLibrary">
<doc>Closes the current browser.</doc>
<status status="PASS" starttime="20231209 10:24:52.517" endtime="20231209 10:24:54.634"/>
</kw>
<status status="PASS" starttime="20231209 10:24:52.330" endtime="20231209 10:24:54.634"/>
</kw>
<doc>Este teste verifica o menu eletrônicos do site da amazon.com.br
e verifica a categoria Computadores e Informática</doc>
<tag>categorias</tag>
<tag>menus</tag>
<status status="PASS" starttime="20231209 10:24:45.686" endtime="20231209 10:24:54.634"/>
</test>
<test id="s1-t2" name="Caso de Teste 02 - Pesquisa de um Produto" line="18">
<kw name="Abrir o navegador" library="amazon_resources" type="SETUP">
<kw name="Open Browser" library="SeleniumLibrary">
<arg>browser=${BROWSER}</arg>
<doc>Opens a new browser instance to the optional ``url``.</doc>
<msg timestamp="20231209 10:24:54.636" level="INFO">Opening browser 'chrome' to base url 'None'.</msg>
<status status="PASS" starttime="20231209 10:24:54.635" endtime="20231209 10:24:55.989"/>
</kw>
<kw name="Maximize Browser Window" library="SeleniumLibrary">
<doc>Maximizes current browser window.</doc>
<status status="PASS" starttime="20231209 10:24:55.989" endtime="20231209 10:24:56.104"/>
</kw>
<status status="PASS" starttime="20231209 10:24:54.635" endtime="20231209 10:24:56.104"/>
</kw>
<kw name="Dado que estou na home page da Amazon.com.br" library="amazon_resources">
<kw name="Acessar a home page do site amazon.com.br" library="amazon_resources">
<kw name="Go To" library="SeleniumLibrary">
<arg>url=${URL}</arg>
<doc>Navigates the current browser window to the provided ``url``.</doc>
<msg timestamp="20231209 10:24:56.104" level="INFO">Opening url 'https://www.amazon.com.br'</msg>
<status status="PASS" starttime="20231209 10:24:56.104" endtime="20231209 10:24:57.300"/>
</kw>
<kw name="Wait Until Element Is Visible" library="SeleniumLibrary">
<arg>locator=${MENU_ELETRONICOS}</arg>
<doc>Waits until the element ``locator`` is visible.</doc>
<status status="PASS" starttime="20231209 10:24:57.300" endtime="20231209 10:24:57.350"/>
</kw>
<status status="PASS" starttime="20231209 10:24:56.104" endtime="20231209 10:24:57.350"/>
</kw>
<kw name="Verificar se o título da página fica &quot;Amazon.com.br | Tudo pra você, de A a Z.&quot;" library="amazon_resources" sourcename="Verificar se o título da página fica &quot;${TITULO}&quot;">
<kw name="Title Should Be" library="SeleniumLibrary">
<arg>title=${TITULO}</arg>
<doc>Verifies that the current page title equals ``title``.</doc>
<msg timestamp="20231209 10:24:57.359" level="INFO">Page title is 'Amazon.com.br | Tudo pra você, de A a Z.'.</msg>
<status status="PASS" starttime="20231209 10:24:57.350" endtime="20231209 10:24:57.359"/>
</kw>
<status status="PASS" starttime="20231209 10:24:57.350" endtime="20231209 10:24:57.359"/>
</kw>
<status status="PASS" starttime="20231209 10:24:56.104" endtime="20231209 10:24:57.359"/>
</kw>
<kw name="Quando pesquisar pelo produto &quot;Xbox Series S&quot;" library="amazon_resources">
<kw name="Digitar o nome de produto &quot;Xbox Series S&quot; no campo de pesquisa" library="amazon_resources" sourcename="Digitar o nome de produto &quot;${PRODUTO}&quot; no campo de pesquisa">
<kw name="Input Text" library="SeleniumLibrary">
<arg>locator=twotabsearchtextbox</arg>
<arg>text=${PRODUTO}</arg>
<doc>Types the given ``text`` into the text field identified by ``locator``.</doc>
<msg timestamp="20231209 10:24:57.361" level="INFO">Typing text 'Xbox Series S' into text field 'twotabsearchtextbox'.</msg>
<status status="PASS" starttime="20231209 10:24:57.360" endtime="20231209 10:24:57.506"/>
</kw>
<status status="PASS" starttime="20231209 10:24:57.360" endtime="20231209 10:24:57.506"/>
</kw>
<kw name="Clicar no botão de pesquisa" library="amazon_resources">
<kw name="Click Element" library="SeleniumLibrary">
<arg>locator=nav-search-submit-button</arg>
<doc>Click the element identified by ``locator``.</doc>
<msg timestamp="20231209 10:24:57.506" level="INFO">Clicking element 'nav-search-submit-button'.</msg>
<status status="PASS" starttime="20231209 10:24:57.506" endtime="20231209 10:24:58.851"/>
</kw>
<status status="PASS" starttime="20231209 10:24:57.506" endtime="20231209 10:24:58.851"/>
</kw>
<status status="PASS" starttime="20231209 10:24:57.359" endtime="20231209 10:24:58.851"/>
</kw>
<kw name="Então o título da página deve ficar &quot;Amazon.com.br : Xbox Series S&quot;" library="amazon_resources">
<kw name="Verificar se o título da página fica &quot;Amazon.com.br : Xbox Series S&quot;" library="amazon_resources" sourcename="Verificar se o título da página fica &quot;${TITULO}&quot;">
<kw name="Title Should Be" library="SeleniumLibrary">
<arg>title=${TITULO}</arg>
<doc>Verifies that the current page title equals ``title``.</doc>
<msg timestamp="20231209 10:24:58.855" level="INFO">Page title is 'Amazon.com.br : Xbox Series S'.</msg>
<status status="PASS" starttime="20231209 10:24:58.852" endtime="20231209 10:24:58.855"/>
</kw>
<status status="PASS" starttime="20231209 10:24:58.851" endtime="20231209 10:24:58.855"/>
</kw>
<status status="PASS" starttime="20231209 10:24:58.851" endtime="20231209 10:24:58.855"/>
</kw>
<kw name="E um produto da linha &quot;Xbox Series S&quot; deve ser mostrado na página" library="amazon_resources">
<kw name="Verificar o resultado da pesquisa, listando o produto &quot;Console Xbox Series S&quot;" library="amazon_resources" sourcename="Verificar o resultado da pesquisa, listando o produto &quot;${PRODUTO}&quot;">
<kw name="Wait Until Element Is Visible" library="SeleniumLibrary">
<arg>locator=//span[@class='a-size-base-plus a-color-base a-text-normal'][contains(.,'${PRODUTO}')]</arg>
<doc>Waits until the element ``locator`` is visible.</doc>
<status status="PASS" starttime="20231209 10:24:58.855" endtime="20231209 10:24:58.874"/>
</kw>
<status status="PASS" starttime="20231209 10:24:58.855" endtime="20231209 10:24:58.874"/>
</kw>
<status status="PASS" starttime="20231209 10:24:58.855" endtime="20231209 10:24:58.874"/>
</kw>
<kw name="Fechar o navegador" library="amazon_resources" type="TEARDOWN">
<kw name="Capture Page Screenshot" library="SeleniumLibrary">
<doc>Takes a screenshot of the current page and embeds it into a log file.</doc>
<msg timestamp="20231209 10:24:59.054" level="INFO" html="true">&lt;/td&gt;&lt;/tr&gt;&lt;tr&gt;&lt;td colspan="3"&gt;&lt;a href="selenium-screenshot-2.png"&gt;&lt;img src="selenium-screenshot-2.png" width="800px"&gt;&lt;/a&gt;</msg>
<status status="PASS" starttime="20231209 10:24:58.874" endtime="20231209 10:24:59.054"/>
</kw>
<kw name="Close Browser" library="SeleniumLibrary">
<doc>Closes the current browser.</doc>
<status status="PASS" starttime="20231209 10:24:59.055" endtime="20231209 10:25:01.141"/>
</kw>
<status status="PASS" starttime="20231209 10:24:58.874" endtime="20231209 10:25:01.141"/>
</kw>
<doc>Este teste verifica a busca de um produto</doc>
<tag>busca_produtos</tag>
<tag>lista_busca</tag>
<status status="PASS" starttime="20231209 10:24:54.635" endtime="20231209 10:25:01.141"/>
</test>
<doc>Esta suíte testa o site da amazon.com.br</doc>
<status status="PASS" starttime="20231209 10:24:45.523" endtime="20231209 10:25:01.142"/>
</suite>
<statistics>
<total>
<stat pass="2" fail="0" skip="0">All Tests</stat>
</total>
<tag>
<stat pass="1" fail="0" skip="0">busca_produtos</stat>
<stat pass="1" fail="0" skip="0">categorias</stat>
<stat pass="1" fail="0" skip="0">lista_busca</stat>
<stat pass="1" fail="0" skip="0">menus</stat>
</tag>
<suite>
<stat pass="2" fail="0" skip="0" id="s1" name="Amazon Tests Gherkin">Amazon Tests Gherkin</stat>
</suite>
</statistics>
<errors>
</errors>
</robot>
